timestamp: 2024-03-25T22:10:08.383410
CREATE TABLE "auth_user"(
    "id" SERIAL PRIMARY KEY,
    "first_name" VARCHAR(128),
    "last_name" VARCHAR(128),
    "email" VARCHAR(512),
    "password" VARCHAR(512),
    "registration_key" VARCHAR(512),
    "reset_password_key" VARCHAR(512),
    "registration_id" VARCHAR(512)
);
success!
timestamp: 2024-03-25T22:10:08.835246
CREATE TABLE "auth_group"(
    "id" SERIAL PRIMARY KEY,
    "role" VARCHAR(512),
    "description" TEXT
);
success!
timestamp: 2024-03-25T22:10:08.905958
CREATE TABLE "auth_membership"(
    "id" SERIAL PRIMARY KEY,
    "user_id" INTEGER REFERENCES "auth_user" ("id") ON DELETE CASCADE ON UPDATE CASCADE  ,
    "group_id" INTEGER REFERENCES "auth_group" ("id") ON DELETE CASCADE ON UPDATE CASCADE  
);
success!
timestamp: 2024-03-25T22:10:08.951011
CREATE TABLE "auth_permission"(
    "id" SERIAL PRIMARY KEY,
    "group_id" INTEGER REFERENCES "auth_group" ("id") ON DELETE CASCADE ON UPDATE CASCADE  ,
    "name" VARCHAR(512),
    "table_name" VARCHAR(512),
    "record_id" INTEGER
);
success!
timestamp: 2024-03-25T22:10:09.028589
CREATE TABLE "auth_event"(
    "id" SERIAL PRIMARY KEY,
    "time_stamp" TIMESTAMP,
    "client_ip" VARCHAR(512),
    "user_id" INTEGER REFERENCES "auth_user" ("id") ON DELETE CASCADE ON UPDATE CASCADE  ,
    "origin" VARCHAR(512),
    "description" TEXT
);
success!
timestamp: 2024-03-25T22:10:09.265115
CREATE TABLE "auth_cas"(
    "id" SERIAL PRIMARY KEY,
    "user_id" INTEGER REFERENCES "auth_user" ("id") ON DELETE CASCADE ON UPDATE CASCADE  ,
    "created_on" TIMESTAMP,
    "service" VARCHAR(512),
    "ticket" VARCHAR(512),
    "renew" CHAR(1)
);
success!
timestamp: 2024-03-25T22:10:09.458501
CREATE TABLE "students"(
    "id" SERIAL PRIMARY KEY,
    "name" VARCHAR(512),
    "email" VARCHAR(512)
);
timestamp: 2024-03-25T22:57:36.615307
CREATE TABLE "students"(
    "id" SERIAL PRIMARY KEY,
    "name" VARCHAR(512),
    "email" VARCHAR(512)
);
timestamp: 2024-03-25T22:57:37.726569
CREATE TABLE "students"(
    "id" SERIAL PRIMARY KEY,
    "name" VARCHAR(512),
    "email" VARCHAR(512)
);
timestamp: 2024-03-26T01:50:45.905329
CREATE TABLE "auth_user"(
    "id" SERIAL PRIMARY KEY,
    "first_name" VARCHAR(128),
    "last_name" VARCHAR(128),
    "email" VARCHAR(512),
    "password" VARCHAR(512),
    "registration_key" VARCHAR(512),
    "reset_password_key" VARCHAR(512),
    "registration_id" VARCHAR(512)
);
